Using pre-set license
Built from '2020.3/staging' branch; Version is '2020.3.5f1 (8095aa901b9b) revision 8426922'; Using compiler version '192528614'; Build Type 'Release'
OS: 'Windows 10 Pro; OS build 19042.1083; Version 2009; 64bit' Language: 'ru' Physical Memory: 6094 MB
BatchMode: 1, IsHumanControllingUs: 0, StartBugReporterOnCrash: 0, Is64bit: 1, IsPro: 0

 COMMAND LINE ARGUMENTS:
C:\Program Files\Unity\Hub\Editor\2020.3.5f1\Editor\Unity.exe
-adb2
-batchMode
-noUpm
-name
AssetImportWorker0
-projectPath
C:/Users/Roman/Desktop/XYZ/game/UnderRain
-logFile
Logs/AssetImportWorker0.log
-srvPort
59339
Successfully changed project path to: C:/Users/Roman/Desktop/XYZ/game/UnderRain
C:/Users/Roman/Desktop/XYZ/game/UnderRain
Using Asset Import Pipeline V2.
Refreshing native plugins compatible for Editor in 482.31 ms, found 0 plugins.
Preloading 0 native plugins for Editor in 0.00 ms.
Initialize engine version: 2020.3.5f1 (8095aa901b9b)
[Subsystems] Discovering subsystems at path C:/Program Files/Unity/Hub/Editor/2020.3.5f1/Editor/Data/Resources/UnitySubsystems
[Subsystems] Discovering subsystems at path C:/Users/Roman/Desktop/XYZ/game/UnderRain/Assets
GfxDevice: creating device client; threaded=0
Direct3D:
    Version:  Direct3D 11.0 [level 11.1]
    Renderer: NVIDIA GeForce MX230 (ID=0x1d11)
    Vendor:   
    VRAM:     1984 MB
    Driver:   27.21.14.6231
Initialize mono
Mono path[0] = 'C:/Program Files/Unity/Hub/Editor/2020.3.5f1/Editor/Data/Managed'
Mono path[1] = 'C:/Program Files/Unity/Hub/Editor/2020.3.5f1/Editor/Data/MonoBleedingEdge/lib/mono/unityjit'
Mono config path = 'C:/Program Files/Unity/Hub/Editor/2020.3.5f1/Editor/Data/MonoBleedingEdge/etc'
Using monoOptions --debugger-agent=transport=dt_socket,embedding=1,server=y,suspend=n,address=127.0.0.1:56924
Begin MonoManager ReloadAssembly
Registering precompiled unity dll's ...
Register platform support module: C:/Program Files/Unity/Hub/Editor/2020.3.5f1/Editor/Data/PlaybackEngines/WebGLSupport/UnityEditor.WebGL.Extensions.dll
Register platform support module: C:/Program Files/Unity/Hub/Editor/2020.3.5f1/Editor/Data/PlaybackEngines/WindowsStandaloneSupport/UnityEditor.WindowsStandalone.Extensions.dll
Registered in 0.003663 seconds.
Native extension for WindowsStandalone target not found
Native extension for WebGL target not found
Refreshing native plugins compatible for Editor in 39.83 ms, found 0 plugins.
Preloading 0 native plugins for Editor in 0.00 ms.
Mono: successfully reloaded assembly
- Completed reload, in  3.342 seconds
Platform modules already initialized, skipping
Registering precompiled user dll's ...
Registered in 0.001342 seconds.
Begin MonoManager ReloadAssembly
Native extension for WindowsStandalone target not found
Native extension for WebGL target not found
Refreshing native plugins compatible for Editor in 0.47 ms, found 0 plugins.
Preloading 0 native plugins for Editor in 0.00 ms.
Mono: successfully reloaded assembly
- Completed reload, in  1.462 seconds
Platform modules already initialized, skipping
========================================================================
Worker process is ready to serve import requests
Launched and connected shader compiler UnityShaderCompiler.exe after 0.08 seconds
Refreshing native plugins compatible for Editor in 0.43 ms, found 0 plugins.
Preloading 0 native plugins for Editor in 0.00 ms.
Unloading 1169 Unused Serialized files (Serialized files now loaded: 0)
System memory in use before: 59.2 MB.
System memory in use after: 59.2 MB.

Unloading 11 unused Assets to reduce memory usage. Loaded Objects now: 1612.
Total: 3.006700 ms (FindLiveObjects: 0.282400 ms CreateObjectMapping: 0.076800 ms MarkObjects: 2.525300 ms  DeleteObjects: 0.120100 ms)

========================================================================
Received Import Request.
  path: Assets/AD.cs
  artifactKey: Guid(d14aa6fb82821df4d910e7c48743388b) Importer(815301076,1909f56bfc062723c751e8b465ee728b)
Start importing Assets/AD.cs using Guid(d14aa6fb82821df4d910e7c48743388b) Importer(815301076,1909f56bfc062723c751e8b465ee728b)  -> (artifact id: '1a2daa3f3526b51169cef57b13f8181b') in 0.054571 seconds
  Import took 0.058669 seconds .

========================================================================
Received Prepare
Registering precompiled user dll's ...
Registered in 0.001584 seconds.
Begin MonoManager ReloadAssembly
Native extension for WindowsStandalone target not found
Native extension for WebGL target not found
Refreshing native plugins compatible for Editor in 0.50 ms, found 0 plugins.
Preloading 0 native plugins for Editor in 0.00 ms.
Mono: successfully reloaded assembly
- Completed reload, in  1.754 seconds
Platform modules already initialized, skipping
Refreshing native plugins compatible for Editor in 0.46 ms, found 0 plugins.
Preloading 0 native plugins for Editor in 0.00 ms.
Unloading 1164 Unused Serialized files (Serialized files now loaded: 0)
System memory in use before: 59.1 MB.
System memory in use after: 59.2 MB.

Unloading 6 unused Assets to reduce memory usage. Loaded Objects now: 1615.
Total: 3.248600 ms (FindLiveObjects: 0.375200 ms CreateObjectMapping: 0.060800 ms MarkObjects: 2.709200 ms  DeleteObjects: 0.097800 ms)

========================================================================
Received Import Request.
  Time since last request: 242.584260 seconds.
  path: Assets/AD.cs
  artifactKey: Guid(d14aa6fb82821df4d910e7c48743388b) Importer(815301076,1909f56bfc062723c751e8b465ee728b)
Start importing Assets/AD.cs using Guid(d14aa6fb82821df4d910e7c48743388b) Importer(815301076,1909f56bfc062723c751e8b465ee728b)  -> (artifact id: '67d48d52125b510daf83ec00a61f28ab') in 0.015728 seconds
  Import took 0.019667 seconds .

========================================================================
Received Prepare
Refreshing native plugins compatible for Editor in 3.64 ms, found 0 plugins.
Preloading 0 native plugins for Editor in 0.00 ms.
Unloading 4 Unused Serialized files (Serialized files now loaded: 0)
System memory in use before: 36.1 MB.
System memory in use after: 36.2 MB.

Unloading 4 unused Assets to reduce memory usage. Loaded Objects now: 1615.
Total: 8.630900 ms (FindLiveObjects: 1.883400 ms CreateObjectMapping: 0.908700 ms MarkObjects: 5.750300 ms  DeleteObjects: 0.086600 ms)

========================================================================
Received Prepare
Refreshing native plugins compatible for Editor in 2.33 ms, found 0 plugins.
Preloading 0 native plugins for Editor in 0.00 ms.
Unloading 4 Unused Serialized files (Serialized files now loaded: 0)
System memory in use before: 36.1 MB.
System memory in use after: 36.2 MB.

Unloading 4 unused Assets to reduce memory usage. Loaded Objects now: 1615.
Total: 9.001500 ms (FindLiveObjects: 0.489700 ms CreateObjectMapping: 0.067300 ms MarkObjects: 7.995100 ms  DeleteObjects: 0.447100 ms)

========================================================================
Received Prepare
Refreshing native plugins compatible for Editor in 1.44 ms, found 0 plugins.
Preloading 0 native plugins for Editor in 0.00 ms.
Unloading 4 Unused Serialized files (Serialized files now loaded: 0)
System memory in use before: 36.1 MB.
System memory in use after: 36.2 MB.

Unloading 4 unused Assets to reduce memory usage. Loaded Objects now: 1615.
Total: 3.086100 ms (FindLiveObjects: 0.257000 ms CreateObjectMapping: 0.054100 ms MarkObjects: 2.689900 ms  DeleteObjects: 0.082200 ms)

